This file contains any messages produced by compilers while
running configure, to aid debugging if configure makes a mistake.

It was created by gcontable configure 0.1.0, which was
generated by GNU Autoconf 2.69.  Invocation command line was

  $ /home/ramiro/Projects/gnome-builder/gcontable/configure --host=x86_64-linux-gnu --prefix=/app

## --------- ##
## Platform. ##
## --------- ##

hostname = ramiro-desktop
uname -m = x86_64
uname -r = 4.10.0-24-generic
uname -s = Linux
uname -v = #28-Ubuntu SMP Wed Jun 14 08:14:34 UTC 2017

/usr/bin/uname -p = unknown
/bin/uname -X     = unknown

/bin/arch              = x86_64
/usr/bin/arch -k       = unknown
/usr/convex/getsysinfo = unknown
/usr/bin/hostinfo      = unknown
/bin/machine           = unknown
/usr/bin/oslevel       = unknown
/bin/universe          = unknown

PATH: /app/bin
PATH: /bin
PATH: /usr/bin


## ----------- ##
## Core tests. ##
## ----------- ##

configure:2260: checking build system type
configure:2274: result: x86_64-pc-linux-gnu
configure:2294: checking host system type
configure:2307: result: x86_64-pc-linux-gnu
configure:2350: checking whether make supports nested variables
configure:2367: result: yes
configure:2394: checking for a BSD-compatible install
configure:2462: result: /bin/install -c
configure:2473: checking whether build environment is sane
configure:2528: result: yes
configure:2587: checking for x86_64-linux-gnu-strip
configure:2617: result: no
configure:2627: checking for strip
configure:2643: found /bin/strip
configure:2654: result: strip
configure:2679: checking for a thread-safe mkdir -p
configure:2718: result: /bin/mkdir -p
configure:2725: checking for gawk
configure:2741: found /bin/gawk
configure:2752: result: gawk
configure:2763: checking whether make sets $(MAKE)
configure:2785: result: yes
configure:2881: checking whether UID '1000' is supported by ustar format
configure:2884: result: yes
configure:2891: checking whether GID '1000' is supported by ustar format
configure:2894: result: yes
configure:2902: checking how to create a ustar tar archive
configure:2913: tar --version
tar (GNU tar) 1.28
Copyright (C) 2014 Free Software Foundation, Inc.
License GPLv3+: GNU GPL version 3 or later <http://gnu.org/licenses/gpl.html>.
This is free software: you are free to change and redistribute it.
There is NO WARRANTY, to the extent permitted by law.

Written by John Gilmore and Jay Fenlason.
configure:2916: $? = 0
configure:2956: tardir=conftest.dir && eval tar --format=ustar -chf - "$tardir" >conftest.tar
configure:2959: $? = 0
configure:2963: tar -xf - <conftest.tar
configure:2966: $? = 0
configure:2968: cat conftest.dir/file
GrepMe
configure:2971: $? = 0
configure:2984: result: gnutar
configure:3035: checking whether to enable maintainer-specific portions of Makefiles
configure:3044: result: yes
configure:3062: checking for git
configure:3080: found /bin/git
configure:3093: result: /bin/git
configure:3144: checking whether to enable debugging
configure:3193: result: no
configure:3229: checking for a sed that does not truncate output
configure:3293: result: /bin/sed
configure:3299: checking whether NLS is requested
configure:3308: result: yes
configure:3348: checking for msgfmt
configure: trying /bin/msgfmt...
0 translated messages.
configure:3380: result: /bin/msgfmt
configure:3389: checking for gmsgfmt
configure:3420: result: /bin/msgfmt
configure:3470: checking for xgettext
configure: trying /bin/xgettext...
/bin/xgettext: warning: file '/dev/null' extension '' is unknown; will try C
configure:3502: result: /bin/xgettext
configure:3547: checking for msgmerge
configure: trying /bin/msgmerge...
configure:3578: result: /bin/msgmerge
configure:3623: checking for style of include used by make
configure:3651: result: GNU
configure:3682: checking for x86_64-linux-gnu-gcc
configure:3712: result: no
configure:3722: checking for gcc
configure:3738: found /bin/gcc
configure:3749: result: gcc
configure:3978: checking for C compiler version
configure:3987: gcc --version >&5
gcc (GCC) 5.2.0
Copyright (C) 2015 Free Software Foundation, Inc.
This is free software; see the source for copying conditions.  There is NO
warranty; not even for MERCHANTABILITY or FITNESS FOR A PARTICULAR PURPOSE.

configure:3998: $? = 0
configure:3987: gcc -v >&5
Using built-in specs.
COLLECT_GCC=gcc
COLLECT_LTO_WRAPPER=/usr/lib/gcc/gcc/x86_64-unknown-linux/5.2.0/lto-wrapper
Target: x86_64-unknown-linux
Configured with: /srv/sdkbuilder/work/build/x86_64/freedesktop-sdk-base-1-4/build/x86_64/tmp-glibc/work-shared/gcc-5.2.0-r0/gcc-5.2.0/configure --build=x86_64-linux --host=x86_64-unknown-linux --target=x86_64-unknown-linux --prefix=/usr --exec_prefix=/usr --bindir=/usr/bin --sbindir=/usr/sbin --libexecdir=/usr/lib/gcc --datadir=/usr/share --sysconfdir=/etc --sharedstatedir=/com --localstatedir=/var --libdir=/usr/lib --includedir=/usr/include --oldincludedir=/usr/include --infodir=/usr/share/info --mandir=/usr/share/man --disable-silent-rules --disable-dependency-tracking --with-libtool-sysroot=/srv/sdkbuilder/work/build/x86_64/freedesktop-sdk-base-1-4/build/x86_64/tmp-glibc/sysroots/qemux86-64 --with-gnu-ld --enable-shared --enable-languages=c,c++ --enable-threads=posix --enable-multilib --enable-c99 --enable-long-long --enable-symvers=gnu --enable-libstdcxx-pch --program-prefix=x86_64-unknown-linux- --without-local-prefix --enable-target-optspace --enable-lto --enable-libssp --disable-bootstrap --disable-libmudflap --with-system-zlib --with-linker-hash-style=gnu --enable-linker-build-id --with-ppl=no --with-cloog=no --enable-checking=release --enable-cheaders=c_global --without-isl --with-sysroot=/ --with-build-sysroot=/srv/sdkbuilder/work/build/x86_64/freedesktop-sdk-base-1-4/build/x86_64/tmp-glibc/sysroots/qemux86-64 --with-gxx-include-dir=/usr/include/c++/5.2.0 --enable-nls --enable-__cxa_atexit
Thread model: posix
gcc version 5.2.0 (GCC) 
configure:3998: $? = 0
configure:3987: gcc -V >&5
gcc: error: unrecognized command line option '-V'
gcc: fatal error: no input files
compilation terminated.
configure:3998: $? = 1
configure:3987: gcc -qversion >&5
gcc: error: unrecognized command line option '-qversion'
gcc: fatal error: no input files
compilation terminated.
configure:3998: $? = 1
configure:4018: checking whether the C compiler works
configure:4040: gcc -O2 -g  -L/app/lib  conftest.c  >&5
configure:4044: $? = 0
configure:4092: result: yes
configure:4095: checking for C compiler default output file name
configure:4097: result: a.out
configure:4103: checking for suffix of executables
configure:4110: gcc -o conftest -O2 -g  -L/app/lib  conftest.c  >&5
configure:4114: $? = 0
configure:4136: result: 
configure:4158: checking whether we are cross compiling
configure:4166: gcc -o conftest -O2 -g  -L/app/lib  conftest.c  >&5
configure:4170: $? = 0
configure:4177: ./conftest
configure:4181: $? = 0
configure:4196: result: no
configure:4201: checking for suffix of object files
configure:4223: gcc -c -O2 -g  conftest.c >&5
configure:4227: $? = 0
configure:4248: result: o
configure:4252: checking whether we are using the GNU C compiler
configure:4271: gcc -c -O2 -g  conftest.c >&5
configure:4271: $? = 0
configure:4280: result: yes
configure:4289: checking whether gcc accepts -g
configure:4309: gcc -c -g  conftest.c >&5
configure:4309: $? = 0
configure:4350: result: yes
configure:4367: checking for gcc option to accept ISO C89
configure:4430: gcc  -c -O2 -g  conftest.c >&5
configure:4430: $? = 0
configure:4443: result: none needed
configure:4468: checking whether gcc understands -c and -o together
configure:4490: gcc -c conftest.c -o conftest2.o
configure:4493: $? = 0
configure:4490: gcc -c conftest.c -o conftest2.o
configure:4493: $? = 0
configure:4505: result: yes
configure:4524: checking dependency style of gcc
configure:4635: result: gcc3
configure:4675: checking for ld used by gcc
configure:4742: result: /usr/x86_64-unknown-linux/bin/ld
configure:4749: checking if the linker (/usr/x86_64-unknown-linux/bin/ld) is GNU ld
configure:4764: result: yes
configure:4771: checking for shared library run path origin
configure:4784: result: done
configure:4809: checking how to run the C preprocessor
configure:4840: gcc -E  conftest.c
configure:4840: $? = 0
configure:4854: gcc -E  conftest.c
conftest.c:13:28: fatal error: ac_nonexistent.h: No such file or directory
compilation terminated.
configure:4854: $? = 1
configure: failed program was:
| /* confdefs.h */
| #define PACKAGE_NAME "gcontable"
| #define PACKAGE_TARNAME "gcontable"
| #define PACKAGE_VERSION "0.1.0"
| #define PACKAGE_STRING "gcontable 0.1.0"
| #define PACKAGE_BUGREPORT "https://bugzilla.gnome.org/enter_bug.cgi?product=gcontable"
| #define PACKAGE_URL ""
| #define PACKAGE "gcontable"
| #define VERSION "0.1.0"
| #define NDEBUG /**/
| #define GETTEXT_PACKAGE "gcontable"
| /* end confdefs.h.  */
| #include <ac_nonexistent.h>
configure:4879: result: gcc -E
configure:4899: gcc -E  conftest.c
configure:4899: $? = 0
configure:4913: gcc -E  conftest.c
conftest.c:13:28: fatal error: ac_nonexistent.h: No such file or directory
compilation terminated.
configure:4913: $? = 1
configure: failed program was:
| /* confdefs.h */
| #define PACKAGE_NAME "gcontable"
| #define PACKAGE_TARNAME "gcontable"
| #define PACKAGE_VERSION "0.1.0"
| #define PACKAGE_STRING "gcontable 0.1.0"
| #define PACKAGE_BUGREPORT "https://bugzilla.gnome.org/enter_bug.cgi?product=gcontable"
| #define PACKAGE_URL ""
| #define PACKAGE "gcontable"
| #define VERSION "0.1.0"
| #define NDEBUG /**/
| #define GETTEXT_PACKAGE "gcontable"
| /* end confdefs.h.  */
| #include <ac_nonexistent.h>
configure:4942: checking for grep that handles long lines and -e
configure:5000: result: /bin/grep
configure:5005: checking for egrep
configure:5067: result: /bin/grep -E
configure:5625: checking for CFPreferencesCopyAppValue
configure:5643: gcc -o conftest -O2 -g  -L/app/lib  conftest.c  -Wl,-framework -Wl,CoreFoundation >&5
conftest.c:13:42: fatal error: CoreFoundation/CFPreferences.h: No such file or directory
compilation terminated.
configure:5643: $? = 1
configure: failed program was:
| /* confdefs.h */
| #define PACKAGE_NAME "gcontable"
| #define PACKAGE_TARNAME "gcontable"
| #define PACKAGE_VERSION "0.1.0"
| #define PACKAGE_STRING "gcontable 0.1.0"
| #define PACKAGE_BUGREPORT "https://bugzilla.gnome.org/enter_bug.cgi?product=gcontable"
| #define PACKAGE_URL ""
| #define PACKAGE "gcontable"
| #define VERSION "0.1.0"
| #define NDEBUG /**/
| #define GETTEXT_PACKAGE "gcontable"
| /* end confdefs.h.  */
| #include <CoreFoundation/CFPreferences.h>
| int
| main ()
| {
| CFPreferencesCopyAppValue(NULL, NULL)
|   ;
|   return 0;
| }
configure:5652: result: no
configure:5659: checking for CFLocaleCopyCurrent
configure:5677: gcc -o conftest -O2 -g  -L/app/lib  conftest.c  -Wl,-framework -Wl,CoreFoundation >&5
conftest.c:13:37: fatal error: CoreFoundation/CFLocale.h: No such file or directory
compilation terminated.
configure:5677: $? = 1
configure: failed program was:
| /* confdefs.h */
| #define PACKAGE_NAME "gcontable"
| #define PACKAGE_TARNAME "gcontable"
| #define PACKAGE_VERSION "0.1.0"
| #define PACKAGE_STRING "gcontable 0.1.0"
| #define PACKAGE_BUGREPORT "https://bugzilla.gnome.org/enter_bug.cgi?product=gcontable"
| #define PACKAGE_URL ""
| #define PACKAGE "gcontable"
| #define VERSION "0.1.0"
| #define NDEBUG /**/
| #define GETTEXT_PACKAGE "gcontable"
| /* end confdefs.h.  */
| #include <CoreFoundation/CFLocale.h>
| int
| main ()
| {
| CFLocaleCopyCurrent();
|   ;
|   return 0;
| }
configure:5686: result: no
configure:5735: checking for GNU gettext in libc
configure:5759: gcc -o conftest -O2 -g  -L/app/lib  conftest.c  >&5
configure:5759: $? = 0
configure:5768: result: yes
configure:6605: checking whether to use NLS
configure:6607: result: yes
configure:6610: checking where the gettext function comes from
configure:6621: result: libc
configure:6688: checking for x86_64-linux-gnu-gcc
configure:6715: result: gcc
configure:6984: checking for C compiler version
configure:6993: gcc --version >&5
gcc (GCC) 5.2.0
Copyright (C) 2015 Free Software Foundation, Inc.
This is free software; see the source for copying conditions.  There is NO
warranty; not even for MERCHANTABILITY or FITNESS FOR A PARTICULAR PURPOSE.

configure:7004: $? = 0
configure:6993: gcc -v >&5
Using built-in specs.
COLLECT_GCC=gcc
COLLECT_LTO_WRAPPER=/usr/lib/gcc/gcc/x86_64-unknown-linux/5.2.0/lto-wrapper
Target: x86_64-unknown-linux
Configured with: /srv/sdkbuilder/work/build/x86_64/freedesktop-sdk-base-1-4/build/x86_64/tmp-glibc/work-shared/gcc-5.2.0-r0/gcc-5.2.0/configure --build=x86_64-linux --host=x86_64-unknown-linux --target=x86_64-unknown-linux --prefix=/usr --exec_prefix=/usr --bindir=/usr/bin --sbindir=/usr/sbin --libexecdir=/usr/lib/gcc --datadir=/usr/share --sysconfdir=/etc --sharedstatedir=/com --localstatedir=/var --libdir=/usr/lib --includedir=/usr/include --oldincludedir=/usr/include --infodir=/usr/share/info --mandir=/usr/share/man --disable-silent-rules --disable-dependency-tracking --with-libtool-sysroot=/srv/sdkbuilder/work/build/x86_64/freedesktop-sdk-base-1-4/build/x86_64/tmp-glibc/sysroots/qemux86-64 --with-gnu-ld --enable-shared --enable-languages=c,c++ --enable-threads=posix --enable-multilib --enable-c99 --enable-long-long --enable-symvers=gnu --enable-libstdcxx-pch --program-prefix=x86_64-unknown-linux- --without-local-prefix --enable-target-optspace --enable-lto --enable-libssp --disable-bootstrap --disable-libmudflap --with-system-zlib --with-linker-hash-style=gnu --enable-linker-build-id --with-ppl=no --with-cloog=no --enable-checking=release --enable-cheaders=c_global --without-isl --with-sysroot=/ --with-build-sysroot=/srv/sdkbuilder/work/build/x86_64/freedesktop-sdk-base-1-4/build/x86_64/tmp-glibc/sysroots/qemux86-64 --with-gxx-include-dir=/usr/include/c++/5.2.0 --enable-nls --enable-__cxa_atexit
Thread model: posix
gcc version 5.2.0 (GCC) 
configure:7004: $? = 0
configure:6993: gcc -V >&5
gcc: error: unrecognized command line option '-V'
gcc: fatal error: no input files
compilation terminated.
configure:7004: $? = 1
configure:6993: gcc -qversion >&5
gcc: error: unrecognized command line option '-qversion'
gcc: fatal error: no input files
compilation terminated.
configure:7004: $? = 1
configure:7008: checking whether we are using the GNU C compiler
configure:7036: result: yes
configure:7045: checking whether gcc accepts -g
configure:7106: result: yes
configure:7123: checking for gcc option to accept ISO C89
configure:7199: result: none needed
configure:7224: checking whether gcc understands -c and -o together
configure:7261: result: yes
configure:7280: checking dependency style of gcc
configure:7391: result: gcc3
configure:7407: checking for a sed that does not truncate output
configure:7471: result: /bin/sed
configure:7478: checking for glib-genmarshal
configure:7496: found /bin/glib-genmarshal
configure:7508: result: /bin/glib-genmarshal
configure:7518: checking for glib-mkenums
configure:7536: found /bin/glib-mkenums
configure:7548: result: /bin/glib-mkenums
configure:7558: checking for glib-compile-resources
configure:7576: found /bin/glib-compile-resources
configure:7588: result: /bin/glib-compile-resources
configure:7607: checking for x86_64-linux-gnu-pkg-config
configure:7640: result: no
configure:7650: checking for pkg-config
configure:7668: found /bin/pkg-config
configure:7680: result: /bin/pkg-config
configure:7705: checking pkg-config is at least version 0.22
configure:7708: result: yes
configure:7739: checking for x86_64-linux-gnu-pkg-config
configure:7769: result: /bin/pkg-config
configure:7837: checking pkg-config is at least version 0.16
configure:7840: result: yes
configure:7959: checking for gobject-introspection
configure:7990: $PKG_CONFIG --exists --print-errors "gobject-introspection-1.0 >= 1.42.0"
configure:7993: $? = 0
configure:8005: result: yes
configure:8123: checking for x86_64-linux-gnu-pkg-config
configure:8153: result: /bin/pkg-config
configure:8221: checking pkg-config is at least version 0.9.0
configure:8224: result: yes
configure:8234: $PKG_CONFIG --exists --print-errors "$vapigen_pkg"
configure:8237: $? = 0
configure:8263: checking for vapigen
configure:8285: result: yes
configure:8372: checking whether C compiler accepts -Werror=unknown-warning-option
configure:8391: gcc -c -O2 -g  -Werror=unknown-warning-option  conftest.c >&5
cc1: error: -Werror=unknown-warning-option: no option -Wunknown-warning-option
configure:8391: $? = 1
configure: failed program was:
| /* confdefs.h */
| #define PACKAGE_NAME "gcontable"
| #define PACKAGE_TARNAME "gcontable"
| #define PACKAGE_VERSION "0.1.0"
| #define PACKAGE_STRING "gcontable 0.1.0"
| #define PACKAGE_BUGREPORT "https://bugzilla.gnome.org/enter_bug.cgi?product=gcontable"
| #define PACKAGE_URL ""
| #define PACKAGE "gcontable"
| #define VERSION "0.1.0"
| #define NDEBUG /**/
| #define GETTEXT_PACKAGE "gcontable"
| #define ENABLE_NLS 1
| #define HAVE_GETTEXT 1
| #define HAVE_DCGETTEXT 1
| /* end confdefs.h.  */
| 
| int
| main ()
| {
| 
|   ;
|   return 0;
| }
configure:8399: result: no
configure:8419: checking whether C compiler accepts -fno-strict-aliasing
configure:8438: gcc -c -O2 -g  -fno-strict-aliasing  conftest.c >&5
configure:8438: $? = 0
configure:8447: result: yes
configure:8474: : WARN_CFLAGS="$WARN_CFLAGS"
configure:8477: $? = 0
configure:8498: checking whether C compiler accepts -Wall
configure:8517: gcc -c -O2 -g  -Wall  conftest.c >&5
configure:8517: $? = 0
configure:8526: result: yes
configure:8542: : WARN_CFLAGS="$WARN_CFLAGS"
configure:8545: $? = 0
configure:8498: checking whether C compiler accepts -Wextra
configure:8517: gcc -c -O2 -g  -Wextra  conftest.c >&5
configure:8517: $? = 0
configure:8526: result: yes
configure:8542: : WARN_CFLAGS="$WARN_CFLAGS"
configure:8545: $? = 0
configure:8498: checking whether C compiler accepts -Wundef
configure:8517: gcc -c -O2 -g  -Wundef  conftest.c >&5
configure:8517: $? = 0
configure:8526: result: yes
configure:8542: : WARN_CFLAGS="$WARN_CFLAGS"
configure:8545: $? = 0
configure:8498: checking whether C compiler accepts -Wnested-externs
configure:8517: gcc -c -O2 -g  -Wnested-externs  conftest.c >&5
configure:8517: $? = 0
configure:8526: result: yes
configure:8542: : WARN_CFLAGS="$WARN_CFLAGS"
configure:8545: $? = 0
configure:8498: checking whether C compiler accepts -Wwrite-strings
configure:8517: gcc -c -O2 -g  -Wwrite-strings  conftest.c >&5
configure:8517: $? = 0
configure:8526: result: yes
configure:8542: : WARN_CFLAGS="$WARN_CFLAGS"
configure:8545: $? = 0
configure:8498: checking whether C compiler accepts -Wpointer-arith
configure:8517: gcc -c -O2 -g  -Wpointer-arith  conftest.c >&5
configure:8517: $? = 0
configure:8526: result: yes
configure:8542: : WARN_CFLAGS="$WARN_CFLAGS"
configure:8545: $? = 0
configure:8498: checking whether C compiler accepts -Wmissing-declarations
configure:8517: gcc -c -O2 -g  -Wmissing-declarations  conftest.c >&5
configure:8517: $? = 0
configure:8526: result: yes
configure:8542: : WARN_CFLAGS="$WARN_CFLAGS"
configure:8545: $? = 0
configure:8498: checking whether C compiler accepts -Wmissing-prototypes
configure:8517: gcc -c -O2 -g  -Wmissing-prototypes  conftest.c >&5
configure:8517: $? = 0
configure:8526: result: yes
configure:8542: : WARN_CFLAGS="$WARN_CFLAGS"
configure:8545: $? = 0
configure:8498: checking whether C compiler accepts -Wstrict-prototypes
configure:8517: gcc -c -O2 -g  -Wstrict-prototypes  conftest.c >&5
conftest.c:18:1: warning: function declaration isn't a prototype [-Wstrict-prototypes]
 main ()
 ^
configure:8517: $? = 0
configure:8526: result: yes
configure:8542: : WARN_CFLAGS="$WARN_CFLAGS"
configure:8545: $? = 0
configure:8498: checking whether C compiler accepts -Wredundant-decls
configure:8517: gcc -c -O2 -g  -Wredundant-decls  conftest.c >&5
configure:8517: $? = 0
configure:8526: result: yes
configure:8542: : WARN_CFLAGS="$WARN_CFLAGS"
configure:8545: $? = 0
configure:8498: checking whether C compiler accepts -Wno-unused-parameter
configure:8517: gcc -c -O2 -g  -Wno-unused-parameter  conftest.c >&5
configure:8517: $? = 0
configure:8526: result: yes
configure:8542: : WARN_CFLAGS="$WARN_CFLAGS"
configure:8545: $? = 0
configure:8498: checking whether C compiler accepts -Wno-missing-field-initializers
configure:8517: gcc -c -O2 -g  -Wno-missing-field-initializers  conftest.c >&5
configure:8517: $? = 0
configure:8526: result: yes
configure:8542: : WARN_CFLAGS="$WARN_CFLAGS"
configure:8545: $? = 0
configure:8498: checking whether C compiler accepts -Wdeclaration-after-statement
configure:8517: gcc -c -O2 -g  -Wdeclaration-after-statement  conftest.c >&5
configure:8517: $? = 0
configure:8526: result: yes
configure:8542: : WARN_CFLAGS="$WARN_CFLAGS"
configure:8545: $? = 0
configure:8498: checking whether C compiler accepts -Wformat=2
configure:8517: gcc -c -O2 -g  -Wformat=2  conftest.c >&5
configure:8517: $? = 0
configure:8526: result: yes
configure:8542: : WARN_CFLAGS="$WARN_CFLAGS"
configure:8545: $? = 0
configure:8498: checking whether C compiler accepts -Wold-style-definition
configure:8517: gcc -c -O2 -g  -Wold-style-definition  conftest.c >&5
conftest.c: In function 'main':
conftest.c:18:1: warning: old-style function definition [-Wold-style-definition]
 main ()
 ^
configure:8517: $? = 0
configure:8526: result: yes
configure:8542: : WARN_CFLAGS="$WARN_CFLAGS"
configure:8545: $? = 0
configure:8498: checking whether C compiler accepts -Wcast-align
configure:8517: gcc -c -O2 -g  -Wcast-align  conftest.c >&5
configure:8517: $? = 0
configure:8526: result: yes
configure:8542: : WARN_CFLAGS="$WARN_CFLAGS"
configure:8545: $? = 0
configure:8498: checking whether C compiler accepts -Wformat-nonliteral
configure:8517: gcc -c -O2 -g  -Wformat-nonliteral  conftest.c >&5
cc1: warning: -Wformat-nonliteral ignored without -Wformat [-Wformat-nonliteral]
configure:8517: $? = 0
configure:8526: result: yes
configure:8542: : WARN_CFLAGS="$WARN_CFLAGS"
configure:8545: $? = 0
configure:8498: checking whether C compiler accepts -Wformat-security
configure:8517: gcc -c -O2 -g  -Wformat-security  conftest.c >&5
cc1: warning: -Wformat-security ignored without -Wformat [-Wformat-security]
configure:8517: $? = 0
configure:8526: result: yes
configure:8542: : WARN_CFLAGS="$WARN_CFLAGS"
configure:8545: $? = 0
configure:8498: checking whether C compiler accepts -Wsign-compare
configure:8517: gcc -c -O2 -g  -Wsign-compare  conftest.c >&5
configure:8517: $? = 0
configure:8526: result: yes
configure:8542: : WARN_CFLAGS="$WARN_CFLAGS"
configure:8545: $? = 0
configure:8498: checking whether C compiler accepts -Wstrict-aliasing
configure:8517: gcc -c -O2 -g  -Wstrict-aliasing  conftest.c >&5
configure:8517: $? = 0
configure:8526: result: yes
configure:8542: : WARN_CFLAGS="$WARN_CFLAGS"
configure:8545: $? = 0
configure:8498: checking whether C compiler accepts -Wshadow
configure:8517: gcc -c -O2 -g  -Wshadow  conftest.c >&5
configure:8517: $? = 0
configure:8526: result: yes
configure:8542: : WARN_CFLAGS="$WARN_CFLAGS"
configure:8545: $? = 0
configure:8498: checking whether C compiler accepts -Winline
configure:8517: gcc -c -O2 -g  -Winline  conftest.c >&5
configure:8517: $? = 0
configure:8526: result: yes
configure:8542: : WARN_CFLAGS="$WARN_CFLAGS"
configure:8545: $? = 0
configure:8498: checking whether C compiler accepts -Wpacked
configure:8517: gcc -c -O2 -g  -Wpacked  conftest.c >&5
configure:8517: $? = 0
configure:8526: result: yes
configure:8542: : WARN_CFLAGS="$WARN_CFLAGS"
configure:8545: $? = 0
configure:8498: checking whether C compiler accepts -Wmissing-format-attribute
configure:8517: gcc -c -O2 -g  -Wmissing-format-attribute  conftest.c >&5
configure:8517: $? = 0
configure:8526: result: yes
configure:8542: : WARN_CFLAGS="$WARN_CFLAGS"
configure:8545: $? = 0
configure:8498: checking whether C compiler accepts -Wmissing-noreturn
configure:8517: gcc -c -O2 -g  -Wmissing-noreturn  conftest.c >&5
configure:8517: $? = 0
configure:8526: result: yes
configure:8542: : WARN_CFLAGS="$WARN_CFLAGS"
configure:8545: $? = 0
configure:8498: checking whether C compiler accepts -Winit-self
configure:8517: gcc -c -O2 -g  -Winit-self  conftest.c >&5
configure:8517: $? = 0
configure:8526: result: yes
configure:8542: : WARN_CFLAGS="$WARN_CFLAGS"
configure:8545: $? = 0
configure:8498: checking whether C compiler accepts -Wredundant-decls
configure:8526: result: yes
configure:8534: : WARN_CFLAGS already contains $flag
configure:8537: $? = 0
configure:8498: checking whether C compiler accepts -Wmissing-include-dirs
configure:8517: gcc -c -O2 -g  -Wmissing-include-dirs  conftest.c >&5
configure:8517: $? = 0
configure:8526: result: yes
configure:8542: : WARN_CFLAGS="$WARN_CFLAGS"
configure:8545: $? = 0
configure:8498: checking whether C compiler accepts -Wunused-but-set-variable
configure:8517: gcc -c -O2 -g  -Wunused-but-set-variable  conftest.c >&5
configure:8517: $? = 0
configure:8526: result: yes
configure:8542: : WARN_CFLAGS="$WARN_CFLAGS"
configure:8545: $? = 0
configure:8498: checking whether C compiler accepts -Warray-bounds
configure:8517: gcc -c -O2 -g  -Warray-bounds  conftest.c >&5
configure:8517: $? = 0
configure:8526: result: yes
configure:8542: : WARN_CFLAGS="$WARN_CFLAGS"
configure:8545: $? = 0
configure:8498: checking whether C compiler accepts -Wimplicit-function-declaration
configure:8517: gcc -c -O2 -g  -Wimplicit-function-declaration  conftest.c >&5
configure:8517: $? = 0
configure:8526: result: yes
configure:8542: : WARN_CFLAGS="$WARN_CFLAGS"
configure:8545: $? = 0
configure:8498: checking whether C compiler accepts -Wreturn-type
configure:8517: gcc -c -O2 -g  -Wreturn-type  conftest.c >&5
configure:8517: $? = 0
configure:8526: result: yes
configure:8542: : WARN_CFLAGS="$WARN_CFLAGS"
configure:8545: $? = 0
configure:8498: checking whether C compiler accepts -Wswitch-enum
configure:8517: gcc -c -O2 -g  -Wswitch-enum  conftest.c >&5
configure:8517: $? = 0
configure:8526: result: yes
configure:8542: : WARN_CFLAGS="$WARN_CFLAGS"
configure:8545: $? = 0
configure:8498: checking whether C compiler accepts -Wswitch-default
configure:8517: gcc -c -O2 -g  -Wswitch-default  conftest.c >&5
configure:8517: $? = 0
configure:8526: result: yes
configure:8542: : WARN_CFLAGS="$WARN_CFLAGS"
configure:8545: $? = 0
configure:8589: : WARN_CFLAGS="$WARN_CFLAGS"
configure:8592: $? = 0
configure:8615: checking whether C compiler accepts -Wno-suggest-attribute=format
configure:8634: gcc -c -O2 -g  -Wno-suggest-attribute=format  conftest.c >&5
configure:8634: $? = 0
configure:8643: result: yes
configure:8659: : WARN_CFLAGS="$WARN_CFLAGS"
configure:8662: $? = 0
configure:8703: checking whether C compiler accepts -Wno-error=unused-parameter
configure:8722: gcc -c -O2 -g  -Wno-error=unused-parameter  conftest.c >&5
configure:8722: $? = 0
configure:8731: result: yes
configure:8747: : WARN_CFLAGS="$WARN_CFLAGS"
configure:8750: $? = 0
configure:8703: checking whether C compiler accepts -Wno-error=missing-field-initializers
configure:8722: gcc -c -O2 -g  -Wno-error=missing-field-initializers  conftest.c >&5
configure:8722: $? = 0
configure:8731: result: yes
configure:8747: : WARN_CFLAGS="$WARN_CFLAGS"
configure:8750: $? = 0
configure:8805: checking whether C compiler accepts -Werror=unknown-warning-option
configure:8832: result: no
configure:8852: checking whether the linker accepts -Wl,--no-as-needed
configure:8871: gcc -o conftest -O2 -g  -L/app/lib   -Wl,--no-as-needed conftest.c  >&5
configure:8871: $? = 0
configure:8881: result: yes
configure:8908: : WARN_LDFLAGS="$WARN_LDFLAGS"
configure:8911: $? = 0
configure:9017: checking whether the linker accepts -Wl,--fatal-warnings
configure:9036: gcc -o conftest -O2 -g  -L/app/lib   -Wl,--fatal-warnings conftest.c  >&5
configure:9036: $? = 0
configure:9046: result: yes
configure:9062: : WARN_LDFLAGS="$WARN_LDFLAGS"
configure:9065: $? = 0
configure:9125: : WARN_SCANNERFLAGS="$WARN_SCANNERFLAGS"
configure:9128: $? = 0
configure:9150: : WARN_SCANNERFLAGS="$WARN_SCANNERFLAGS"
configure:9153: $? = 0
configure:9187: : WARN_SCANNERFLAGS="$WARN_SCANNERFLAGS"
configure:9190: $? = 0
configure:9215: checking whether C compiler accepts -std=gnu11
configure:9234: gcc -c -O2 -g  -std=gnu11  conftest.c >&5
configure:9234: $? = 0
configure:9242: result: yes
configure:9255: checking for GCONTABLE
configure:9262: $PKG_CONFIG --exists --print-errors "gio-2.0 >= 2.50 gtk+-3.0 >= 3.20"
configure:9265: $? = 0
configure:9279: $PKG_CONFIG --exists --print-errors "gio-2.0 >= 2.50 gtk+-3.0 >= 3.20"
configure:9282: $? = 0
configure:9340: result: yes
configure:9393: checking how to print strings
configure:9420: result: printf
configure:9441: checking for a sed that does not truncate output
configure:9505: result: /bin/sed
configure:9523: checking for fgrep
configure:9585: result: /bin/grep -F
configure:9620: checking for ld used by gcc
configure:9687: result: /usr/x86_64-unknown-linux/bin/ld
configure:9694: checking if the linker (/usr/x86_64-unknown-linux/bin/ld) is GNU ld
configure:9709: result: yes
configure:9721: checking for BSD- or MS-compatible name lister (nm)
configure:9775: result: /bin/nm -B
configure:9905: checking the name lister (/bin/nm -B) interface
configure:9912: gcc -c -O2 -g -std=gnu11  conftest.c >&5
configure:9915: /bin/nm -B "conftest.o"
configure:9918: output
0000000000000000 B some_variable
configure:9925: result: BSD nm
configure:9928: checking whether ln -s works
configure:9932: result: yes
configure:9940: checking the maximum length of command line arguments
configure:10071: result: 1572864
configure:10119: checking how to convert x86_64-pc-linux-gnu file names to x86_64-pc-linux-gnu format
configure:10159: result: func_convert_file_noop
configure:10166: checking how to convert x86_64-pc-linux-gnu file names to toolchain format
configure:10186: result: func_convert_file_noop
configure:10193: checking for /usr/x86_64-unknown-linux/bin/ld option to reload object files
configure:10200: result: -r
configure:10234: checking for x86_64-linux-gnu-objdump
configure:10264: result: no
configure:10274: checking for objdump
configure:10290: found /bin/objdump
configure:10301: result: objdump
configure:10333: checking how to recognize dependent libraries
configure:10533: result: pass_all
configure:10578: checking for x86_64-linux-gnu-dlltool
configure:10608: result: no
configure:10618: checking for dlltool
configure:10648: result: no
configure:10678: checking how to associate runtime and link libraries
configure:10705: result: printf %s\n
configure:10721: checking for x86_64-linux-gnu-ar
configure:10751: result: no
configure:10765: checking for ar
configure:10781: found /bin/ar
configure:10792: result: ar
configure:10829: checking for archiver @FILE support
configure:10846: gcc -c -O2 -g -std=gnu11  conftest.c >&5
configure:10846: $? = 0
configure:10849: ar cru libconftest.a @conftest.lst >&5
configure:10852: $? = 0
configure:10857: ar cru libconftest.a @conftest.lst >&5
ar: conftest.o: No such file or directory
configure:10860: $? = 1
configure:10872: result: @
configure:10890: checking for x86_64-linux-gnu-strip
configure:10917: result: strip
configure:10989: checking for x86_64-linux-gnu-ranlib
configure:11019: result: no
configure:11029: checking for ranlib
configure:11045: found /bin/ranlib
configure:11056: result: ranlib
configure:11158: checking command to parse /bin/nm -B output from gcc object
configure:11311: gcc -c -O2 -g -std=gnu11  conftest.c >&5
configure:11314: $? = 0
configure:11318: /bin/nm -B conftest.o \| sed -n -e 's/^.*[ ]\([ABCDGIRSTW][ABCDGIRSTW]*\)[ ][ ]*\([_A-Za-z][_A-Za-z0-9]*\)$/\1 \2 \2/p' | sed '/ __gnu_lto/d' \> conftest.nm
configure:11321: $? = 0
configure:11387: gcc -o conftest -O2 -g -std=gnu11  -L/app/lib  conftest.c conftstm.o >&5
configure:11390: $? = 0
configure:11428: result: ok
configure:11475: checking for sysroot
configure:11510: result: no
configure:11517: checking for a working dd
configure:11555: result: /bin/dd
configure:11559: checking how to truncate binary pipes
configure:11574: result: /bin/dd bs=4096 count=1
configure:11710: gcc -c -O2 -g -std=gnu11  conftest.c >&5
configure:11713: $? = 0
configure:11863: checking for x86_64-linux-gnu-mt
configure:11893: result: no
configure:11903: checking for mt
configure:11933: result: no
configure:11953: checking if : is a manifest tool
configure:11959: : '-?'
configure:11967: result: no
configure:12639: checking for ANSI C header files
configure:12659: gcc -c -O2 -g -std=gnu11  conftest.c >&5
configure:12659: $? = 0
configure:12732: gcc -o conftest -O2 -g -std=gnu11  -L/app/lib  conftest.c  >&5
configure:12732: $? = 0
configure:12732: ./conftest
configure:12732: $? = 0
configure:12743: result: yes
configure:12756: checking for sys/types.h
configure:12756: gcc -c -O2 -g -std=gnu11  conftest.c >&5
configure:12756: $? = 0
configure:12756: result: yes
configure:12756: checking for sys/stat.h
configure:12756: gcc -c -O2 -g -std=gnu11  conftest.c >&5
configure:12756: $? = 0
configure:12756: result: yes
configure:12756: checking for stdlib.h
configure:12756: gcc -c -O2 -g -std=gnu11  conftest.c >&5
configure:12756: $? = 0
configure:12756: result: yes
configure:12756: checking for string.h
configure:12756: gcc -c -O2 -g -std=gnu11  conftest.c >&5
configure:12756: $? = 0
configure:12756: result: yes
configure:12756: checking for memory.h
configure:12756: gcc -c -O2 -g -std=gnu11  conftest.c >&5
configure:12756: $? = 0
configure:12756: result: yes
configure:12756: checking for strings.h
configure:12756: gcc -c -O2 -g -std=gnu11  conftest.c >&5
configure:12756: $? = 0
configure:12756: result: yes
configure:12756: checking for inttypes.h
configure:12756: gcc -c -O2 -g -std=gnu11  conftest.c >&5
configure:12756: $? = 0
configure:12756: result: yes
configure:12756: checking for stdint.h
configure:12756: gcc -c -O2 -g -std=gnu11  conftest.c >&5
configure:12756: $? = 0
configure:12756: result: yes
configure:12756: checking for unistd.h
configure:12756: gcc -c -O2 -g -std=gnu11  conftest.c >&5
configure:12756: $? = 0
configure:12756: result: yes
configure:12770: checking for dlfcn.h
configure:12770: gcc -c -O2 -g -std=gnu11  conftest.c >&5
configure:12770: $? = 0
configure:12770: result: yes
configure:13026: checking for objdir
configure:13041: result: .libs
configure:13305: checking if gcc supports -fno-rtti -fno-exceptions
configure:13323: gcc -c -O2 -g -std=gnu11  -fno-rtti -fno-exceptions conftest.c >&5
cc1: warning: command line option '-fno-rtti' is valid for C++/ObjC++ but not for C
configure:13327: $? = 0
configure:13340: result: no
configure:13698: checking for gcc option to produce PIC
configure:13705: result: -fPIC -DPIC
configure:13713: checking if gcc PIC flag -fPIC -DPIC works
configure:13731: gcc -c -O2 -g -std=gnu11  -fPIC -DPIC -DPIC conftest.c >&5
configure:13735: $? = 0
configure:13748: result: yes
configure:13777: checking if gcc static flag -static works
configure:13805: result: yes
configure:13820: checking if gcc supports -c -o file.o
configure:13841: gcc -c -O2 -g -std=gnu11  -o out/conftest2.o conftest.c >&5
configure:13845: $? = 0
configure:13867: result: yes
configure:13875: checking if gcc supports -c -o file.o
configure:13922: result: yes
configure:13955: checking whether the gcc linker (/usr/x86_64-unknown-linux/bin/ld -m elf_x86_64) supports shared libraries
configure:15214: result: yes
configure:15251: checking whether -lc should be explicitly linked in
configure:15259: gcc -c -O2 -g -std=gnu11  conftest.c >&5
configure:15262: $? = 0
configure:15277: gcc -shared  -fPIC -DPIC conftest.o  -v -Wl,-soname -Wl,conftest -o conftest 2\>\&1 \| /bin/grep  -lc  \>/dev/null 2\>\&1
configure:15280: $? = 0
configure:15294: result: no
configure:15454: checking dynamic linker characteristics
configure:16035: gcc -o conftest -O2 -g -std=gnu11  -L/app/lib  -Wl,-rpath -Wl,/foo conftest.c  >&5
configure:16035: $? = 0
configure:16272: result: GNU/Linux ld.so
configure:16394: checking how to hardcode library paths into programs
configure:16419: result: immediate
configure:16967: checking whether stripping libraries is possible
configure:16972: result: yes
configure:17007: checking if libtool supports shared libraries
configure:17009: result: yes
configure:17012: checking whether to build shared libraries
configure:17037: result: yes
configure:17040: checking whether to build static libraries
configure:17044: result: yes
configure:17194: checking that generated files are newer than configure
configure:17200: result: done
configure:17239: creating ./config.status

## ---------------------- ##
## Running config.status. ##
## ---------------------- ##

This file was extended by gcontable config.status 0.1.0, which was
generated by GNU Autoconf 2.69.  Invocation command line was

  CONFIG_FILES    = 
  CONFIG_HEADERS  = 
  CONFIG_LINKS    = 
  CONFIG_COMMANDS = 
  $ ./config.status 

on ramiro-desktop

config.status:1237: creating Makefile
config.status:1237: creating src/Makefile
config.status:1237: creating data/Makefile
config.status:1237: creating po/Makefile.in
config.status:1237: creating config.h
config.status:1418: config.h is unchanged
config.status:1466: executing po-directories commands
config.status:1466: executing depfiles commands
config.status:1466: executing libtool commands

## ---------------- ##
## Cache variables. ##
## ---------------- ##

ac_cv_build=x86_64-pc-linux-gnu
ac_cv_c_compiler_gnu=yes
ac_cv_env_CC_set=
ac_cv_env_CC_value=
ac_cv_env_CFLAGS_set=set
ac_cv_env_CFLAGS_value='-O2 -g'
ac_cv_env_CPPFLAGS_set=
ac_cv_env_CPPFLAGS_value=
ac_cv_env_CPP_set=
ac_cv_env_CPP_value=
ac_cv_env_GCONTABLE_CFLAGS_set=
ac_cv_env_GCONTABLE_CFLAGS_value=
ac_cv_env_GCONTABLE_LIBS_set=
ac_cv_env_GCONTABLE_LIBS_value=
ac_cv_env_LDFLAGS_set=set
ac_cv_env_LDFLAGS_value='-L/app/lib '
ac_cv_env_LIBS_set=
ac_cv_env_LIBS_value=
ac_cv_env_LT_SYS_LIBRARY_PATH_set=
ac_cv_env_LT_SYS_LIBRARY_PATH_value=
ac_cv_env_PKG_CONFIG_LIBDIR_set=
ac_cv_env_PKG_CONFIG_LIBDIR_value=
ac_cv_env_PKG_CONFIG_PATH_set=set
ac_cv_env_PKG_CONFIG_PATH_value=/app/lib/pkgconfig:/app/share/pkgconfig:/usr/lib/pkgconfig:/usr/share/pkgconfig
ac_cv_env_PKG_CONFIG_set=
ac_cv_env_PKG_CONFIG_value=
ac_cv_env_build_alias_set=
ac_cv_env_build_alias_value=
ac_cv_env_host_alias_set=set
ac_cv_env_host_alias_value=x86_64-linux-gnu
ac_cv_env_target_alias_set=
ac_cv_env_target_alias_value=
ac_cv_header_dlfcn_h=yes
ac_cv_header_inttypes_h=yes
ac_cv_header_memory_h=yes
ac_cv_header_stdc=yes
ac_cv_header_stdint_h=yes
ac_cv_header_stdlib_h=yes
ac_cv_header_string_h=yes
ac_cv_header_strings_h=yes
ac_cv_header_sys_stat_h=yes
ac_cv_header_sys_types_h=yes
ac_cv_header_unistd_h=yes
ac_cv_host=x86_64-pc-linux-gnu
ac_cv_objext=o
ac_cv_path_EGREP='/bin/grep -E'
ac_cv_path_FGREP='/bin/grep -F'
ac_cv_path_GIT=/bin/git
ac_cv_path_GLIB_COMPILE_RESOURCES=/bin/glib-compile-resources
ac_cv_path_GLIB_GENMARSHAL=/bin/glib-genmarshal
ac_cv_path_GLIB_MKENUMS=/bin/glib-mkenums
ac_cv_path_GMSGFMT=/bin/msgfmt
ac_cv_path_GREP=/bin/grep
ac_cv_path_MSGFMT=/bin/msgfmt
ac_cv_path_MSGMERGE=/bin/msgmerge
ac_cv_path_PKG_CONFIG=/bin/pkg-config
ac_cv_path_SED=/bin/sed
ac_cv_path_XGETTEXT=/bin/xgettext
ac_cv_path_ac_pt_PKG_CONFIG=/bin/pkg-config
ac_cv_path_install='/bin/install -c'
ac_cv_path_lt_DD=/bin/dd
ac_cv_path_mkdir=/bin/mkdir
ac_cv_prog_AWK=gawk
ac_cv_prog_CC=gcc
ac_cv_prog_CPP='gcc -E'
ac_cv_prog_STRIP=strip
ac_cv_prog_ac_ct_AR=ar
ac_cv_prog_ac_ct_CC=gcc
ac_cv_prog_ac_ct_OBJDUMP=objdump
ac_cv_prog_ac_ct_RANLIB=ranlib
ac_cv_prog_ac_ct_STRIP=strip
ac_cv_prog_cc_c89=
ac_cv_prog_cc_g=yes
ac_cv_prog_make_make_set=yes
acl_cv_hardcode_direct=no
acl_cv_hardcode_libdir_flag_spec='${wl}-rpath ${wl}$libdir'
acl_cv_hardcode_libdir_separator=
acl_cv_hardcode_minus_L=no
acl_cv_libext=a
acl_cv_libname_spec='lib$name'
acl_cv_library_names_spec='$libname$shrext'
acl_cv_path_LD=/usr/x86_64-unknown-linux/bin/ld
acl_cv_prog_gnu_ld=yes
acl_cv_rpath=done
acl_cv_shlibext=so
acl_cv_wl=-Wl,
am_cv_CC_dependencies_compiler_type=gcc3
am_cv_make_support_nested_variables=yes
am_cv_prog_cc_c_o=yes
am_cv_prog_tar_ustar=gnutar
ax_cv_check_cflags__Wall=yes
ax_cv_check_cflags__Warray_bounds=yes
ax_cv_check_cflags__Wcast_align=yes
ax_cv_check_cflags__Wdeclaration_after_statement=yes
ax_cv_check_cflags__Wextra=yes
ax_cv_check_cflags__Wformat_2=yes
ax_cv_check_cflags__Wformat_nonliteral=yes
ax_cv_check_cflags__Wformat_security=yes
ax_cv_check_cflags__Wimplicit_function_declaration=yes
ax_cv_check_cflags__Winit_self=yes
ax_cv_check_cflags__Winline=yes
ax_cv_check_cflags__Wmissing_declarations=yes
ax_cv_check_cflags__Wmissing_format_attribute=yes
ax_cv_check_cflags__Wmissing_include_dirs=yes
ax_cv_check_cflags__Wmissing_noreturn=yes
ax_cv_check_cflags__Wmissing_prototypes=yes
ax_cv_check_cflags__Wnested_externs=yes
ax_cv_check_cflags__Wno_error_missing_field_initializers=yes
ax_cv_check_cflags__Wno_error_unused_parameter=yes
ax_cv_check_cflags__Wno_missing_field_initializers=yes
ax_cv_check_cflags__Wno_suggest_attribute_format=yes
ax_cv_check_cflags__Wno_unused_parameter=yes
ax_cv_check_cflags__Wold_style_definition=yes
ax_cv_check_cflags__Wpacked=yes
ax_cv_check_cflags__Wpointer_arith=yes
ax_cv_check_cflags__Wredundant_decls=yes
ax_cv_check_cflags__Wreturn_type=yes
ax_cv_check_cflags__Wshadow=yes
ax_cv_check_cflags__Wsign_compare=yes
ax_cv_check_cflags__Wstrict_aliasing=yes
ax_cv_check_cflags__Wstrict_prototypes=yes
ax_cv_check_cflags__Wswitch_default=yes
ax_cv_check_cflags__Wswitch_enum=yes
ax_cv_check_cflags__Wundef=yes
ax_cv_check_cflags__Wunused_but_set_variable=yes
ax_cv_check_cflags__Wwrite_strings=yes
ax_cv_check_cflags___Werror_unknown_warning_option=no
ax_cv_check_cflags___std_gnu11=yes
ax_cv_check_cflags__fno_strict_aliasing=yes
ax_cv_check_ldflags__Wl___fatal_warnings=yes
ax_cv_check_ldflags__Wl___no_as_needed=yes
gt_cv_func_CFLocaleCopyCurrent=no
gt_cv_func_CFPreferencesCopyAppValue=no
gt_cv_func_gnugettext1_libc=yes
lt_cv_ar_at_file=@
lt_cv_archive_cmds_need_lc=no
lt_cv_deplibs_check_method=pass_all
lt_cv_file_magic_cmd='$MAGIC_CMD'
lt_cv_file_magic_test_file=
lt_cv_ld_reload_flag=-r
lt_cv_nm_interface='BSD nm'
lt_cv_objdir=.libs
lt_cv_path_LD=/usr/x86_64-unknown-linux/bin/ld
lt_cv_path_NM='/bin/nm -B'
lt_cv_path_mainfest_tool=no
lt_cv_prog_compiler_c_o=yes
lt_cv_prog_compiler_pic='-fPIC -DPIC'
lt_cv_prog_compiler_pic_works=yes
lt_cv_prog_compiler_rtti_exceptions=no
lt_cv_prog_compiler_static_works=yes
lt_cv_prog_gnu_ld=yes
lt_cv_sharedlib_from_linklib_cmd='printf %s\n'
lt_cv_shlibpath_overrides_runpath=no
lt_cv_sys_global_symbol_pipe='sed -n -e '\''s/^.*[	 ]\([ABCDGIRSTW][ABCDGIRSTW]*\)[	 ][	 ]*\([_A-Za-z][_A-Za-z0-9]*\)$/\1 \2 \2/p'\'' | sed '\''/ __gnu_lto/d'\'''
lt_cv_sys_global_symbol_to_c_name_address='sed -n -e '\''s/^: \(.*\) .*$/  {"\1", (void *) 0},/p'\'' -e '\''s/^[ABCDGIRSTW][ABCDGIRSTW]* .* \(.*\)$/  {"\1", (void *) \&\1},/p'\'''
lt_cv_sys_global_symbol_to_c_name_address_lib_prefix='sed -n -e '\''s/^: \(.*\) .*$/  {"\1", (void *) 0},/p'\'' -e '\''s/^[ABCDGIRSTW][ABCDGIRSTW]* .* \(lib.*\)$/  {"\1", (void *) \&\1},/p'\'' -e '\''s/^[ABCDGIRSTW][ABCDGIRSTW]* .* \(.*\)$/  {"lib\1", (void *) \&\1},/p'\'''
lt_cv_sys_global_symbol_to_cdecl='sed -n -e '\''s/^T .* \(.*\)$/extern int \1();/p'\'' -e '\''s/^[ABCDGIRSTW][ABCDGIRSTW]* .* \(.*\)$/extern char \1;/p'\'''
lt_cv_sys_global_symbol_to_import=
lt_cv_sys_max_cmd_len=1572864
lt_cv_to_host_file_cmd=func_convert_file_noop
lt_cv_to_tool_file_cmd=func_convert_file_noop
lt_cv_truncate_bin='/bin/dd bs=4096 count=1'
pkg_cv_GCONTABLE_CFLAGS='-pthread -I/usr/include/gtk-3.0 -I/usr/include/at-spi2-atk/2.0 -I/usr/include/at-spi-2.0 -I/usr/include/dbus-1.0 -I/usr/lib/dbus-1.0/include -I/usr/include/gtk-3.0 -I/usr/include/gio-unix-2.0/ -I/usr/include/cairo -I/usr/include/pango-1.0 -I/usr/include/atk-1.0 -I/usr/include/cairo -I/usr/include/pixman-1 -I/usr/include/freetype2 -I/usr/include/libpng16 -I/usr/include/freetype2 -I/usr/include/harfbuzz -I/usr/include/libpng16 -I/usr/include/gdk-pixbuf-2.0 -I/usr/include/libpng16 -I/usr/include/glib-2.0 -I/usr/lib/glib-2.0/include'
pkg_cv_GCONTABLE_LIBS='-lgtk-3 -lgdk-3 -lpangocairo-1.0 -lpango-1.0 -latk-1.0 -lcairo-gobject -lcairo -lgdk_pixbuf-2.0 -lgio-2.0 -lgobject-2.0 -lglib-2.0'

## ----------------- ##
## Output variables. ##
## ----------------- ##














		$(CHANGELOG_GIT_FLAGS) $(CHANGELOG_GIT_RANGE) \
		$(INSTALL_DATA) $^ "$(DESTDIR)$(gsettingsschemadir)"; \
		--git-dir=$(CHANGELOG_GIT_DIR) --work-tree=$(top_srcdir) log \
		test -n "$(GSETTINGS_DISABLE_SCHEMAS_COMPILE)$(DESTDIR)" || $(GLIB_COMPILE_SCHEMAS) $(gsettingsschemadir); \
		test -z "$(gsettingsschemadir)" || $(MKDIR_P) "$(DESTDIR)$(gsettingsschemadir)"; \
		| fmt --split-only >.ChangeLog.tmp; \
	$(AM_V_GEN) $(GLIB_COMPILE_SCHEMAS) --strict --dry-run $(addprefix --schema-file=,$(gsettings__enum_file)) --schema-file=$< && mkdir -p $(@D) && touch $@
	$(AM_V_GEN) glib-mkenums --comments '\''<!-- @comment@ -->'\'' --fhead "<schemalist>" --vhead "  <@type@ id='\''$(gsettings_ENUM_NAMESPACE).@EnumName@'\''>" --vprod "    <value nick='\''@valuenick@'\'' value='\''@valuenum@'\''/>" --vtail "  </@type@>" --ftail "</schemalist>" $^ > $@.tmp && mv $@.tmp $@
	$(AM_V_GEN)if $(GIT) \
	@$(NORMAL_INSTALL)
	@$(NORMAL_UNINSTALL)
	@list='\''$(gsettings_SCHEMAS) $(gsettings__enum_file)'\''; test -n "$(gsettingsschemadir)" || list=; \
	cd "$(DESTDIR)$(gsettingsschemadir)" && rm -f $$files
	echo " ( cd '\''$(DESTDIR)$(gsettingsschemadir)'\'' && rm -f" $$files ")"; \
	else rm -f .ChangeLog.tmp; exit 1; fi
	fi
	files=`for p in $$list; do echo $$p; done | sed -e '\''s|^.*/||'\''`; \
	if test -n "$^"; then \
	rm -f $(gsettings_SCHEMAS:.xml=.valid) $(gsettings__enum_file)
	test -n "$$files" || exit 0; \
	test -n "$(GSETTINGS_DISABLE_SCHEMAS_COMPILE)$(DESTDIR)" || $(GLIB_COMPILE_SCHEMAS) $(gsettingsschemadir)
	then mv -f .ChangeLog.tmp "$(top_distdir)/ChangeLog"; \
#
#    (exclusive). (Default: include all commits)
#    ChangeLog. (Default: various)
#  - CHANGELOG_GIT_DIR: .git directory to use. (Default: $(top_srcdir)/.git)
#  - CHANGELOG_GIT_FLAGS: General flags to pass to git-log when generating the
#  - CHANGELOG_START: git commit ID or tag name to output changelogs from
# Generate ChangeLog
# Generate a ChangeLog in $(top_distdir)
# Optional:
# git-specific
$(gsettings__enum_file): $(gsettings_ENUM_FILES)
%.gschema.valid: %.gschema.xml $(gsettings__enum_file)
'
.PHONY : uninstall-gsettings-schemas install-gsettings-schemas clean-gsettings-schemas
.PHONY: dist-ChangeLog
.SECONDARY: $(gsettings_SCHEMAS)
ACLOCAL='${SHELL} /home/ramiro/Projects/gnome-builder/gcontable/build-aux/missing aclocal-1.15'
ACLOCAL_AMFLAGS='-I m4'
AMDEPBACKSLASH='\'
AMDEP_FALSE='#'
AMDEP_TRUE=''
AMTAR='$${TAR-tar}'
AM_BACKSLASH='\'
AM_DEFAULT_V='$(AM_DEFAULT_VERBOSITY)'
AM_DEFAULT_VERBOSITY='0'
AM_V='$(V)'
API_VERSION='0'
AR='ar'
AUTOCONF='${SHELL} /home/ramiro/Projects/gnome-builder/gcontable/build-aux/missing autoconf'
AUTOHEADER='${SHELL} /home/ramiro/Projects/gnome-builder/gcontable/build-aux/missing autoheader'
AUTOMAKE='${SHELL} /home/ramiro/Projects/gnome-builder/gcontable/build-aux/missing automake-1.15'
AWK='gawk'
CC='gcc'
CCDEPMODE='depmode=gcc3'
CFLAGS='-O2 -g -std=gnu11'
CHANGELOG_GIT_DIR ?= $(top_srcdir)/.git
CHANGELOG_GIT_FLAGS ?= --stat -M -C --name-status --no-color
CHANGELOG_GIT_RANGE =
CHANGELOG_GIT_RANGE = $(CHANGELOG_START)..
CPP='gcc -E'
CPPFLAGS=''
CYGPATH_W='echo'
DEFS='-DHAVE_CONFIG_H'
DEPDIR='.deps'
DLLTOOL='false'
DSYMUTIL=''
DUMPBIN=''
ECHO_C=''
ECHO_N='-n'
ECHO_T=''
EGREP='/bin/grep -E'
ENABLE_VAPIGEN_FALSE='#'
ENABLE_VAPIGEN_TRUE=''
EXEEXT=''
FGREP='/bin/grep -F'
GCONTABLE_CFLAGS='-pthread -I/usr/include/gtk-3.0 -I/usr/include/at-spi2-atk/2.0 -I/usr/include/at-spi-2.0 -I/usr/include/dbus-1.0 -I/usr/lib/dbus-1.0/include -I/usr/include/gtk-3.0 -I/usr/include/gio-unix-2.0/ -I/usr/include/cairo -I/usr/include/pango-1.0 -I/usr/include/atk-1.0 -I/usr/include/cairo -I/usr/include/pixman-1 -I/usr/include/freetype2 -I/usr/include/libpng16 -I/usr/include/freetype2 -I/usr/include/harfbuzz -I/usr/include/libpng16 -I/usr/include/gdk-pixbuf-2.0 -I/usr/include/libpng16 -I/usr/include/glib-2.0 -I/usr/lib/glib-2.0/include'
GCONTABLE_LIBS='-lgtk-3 -lgdk-3 -lpangocairo-1.0 -lpango-1.0 -latk-1.0 -lcairo-gobject -lcairo -lgdk_pixbuf-2.0 -lgio-2.0 -lgobject-2.0 -lglib-2.0'
GENERATE_CHANGELOG_RULES='
GETTEXT_MACRO_VERSION='0.19'
GETTEXT_PACKAGE='gcontable'
GIT='/bin/git'
GLIB_COMPILE_RESOURCES='/bin/glib-compile-resources'
GLIB_COMPILE_SCHEMAS='glib-compile-schemas'
GLIB_GENMARSHAL='/bin/glib-genmarshal'
GLIB_MKENUMS='/bin/glib-mkenums'
GMSGFMT='/bin/msgfmt'
GMSGFMT_015='/bin/msgfmt'
GREP='/bin/grep'
GSETTINGS_DISABLE_SCHEMAS_COMPILE=''
GSETTINGS_RULES='
HAVE_INTROSPECTION_FALSE='#'
HAVE_INTROSPECTION_TRUE=''
INSTALL_DATA='${INSTALL} -m 644'
INSTALL_PROGRAM='${INSTALL}'
INSTALL_SCRIPT='${INSTALL}'
INSTALL_STRIP_PROGRAM='$(install_sh) -c -s'
INTLLIBS=''
INTL_MACOSX_LIBS=''
INTROSPECTION_CFLAGS='-pthread -I/usr/include/gobject-introspection-1.0 -I/usr/lib/libffi-3.2.1/include -I/usr/include/glib-2.0 -I/usr/lib/glib-2.0/include'
INTROSPECTION_COMPILER='/usr/bin/g-ir-compiler'
INTROSPECTION_GENERATE='/usr/bin/g-ir-generate'
INTROSPECTION_GIRDIR='/usr/share/gir-1.0'
INTROSPECTION_LIBS='-lgirepository-1.0 -lgobject-2.0 -lglib-2.0'
INTROSPECTION_MAKEFILE='/usr/share/gobject-introspection-1.0/Makefile.introspection'
INTROSPECTION_SCANNER='/usr/bin/g-ir-scanner'
INTROSPECTION_TYPELIBDIR='/usr/lib/girepository-1.0'
LD='/usr/x86_64-unknown-linux/bin/ld -m elf_x86_64'
LDFLAGS='-L/app/lib '
LIBICONV='-liconv'
LIBINTL=''
LIBOBJS=''
LIBS=''
LIBTOOL='$(SHELL) $(top_builddir)/libtool'
LIPO=''
LN_S='ln -s'
LTLIBICONV='-liconv'
LTLIBINTL=''
LTLIBOBJS=''
LT_SYS_LIBRARY_PATH=''
MAINT=''
MAINTAINER_MODE_FALSE='#'
MAINTAINER_MODE_TRUE=''
MAJOR_VERSION='0'
MAKEINFO='${SHELL} /home/ramiro/Projects/gnome-builder/gcontable/build-aux/missing makeinfo'
MANIFEST_TOOL=':'
MICRO_VERSION='0'
MINOR_VERSION='1'
MKDIR_P='/bin/mkdir -p'
MSGFMT='/bin/msgfmt'
MSGFMT_015='/bin/msgfmt'
MSGMERGE='/bin/msgmerge'
NM='/bin/nm -B'
NMEDIT=''
OBJDUMP='objdump'
OBJEXT='o'
OTOOL64=''
OTOOL=''
PACKAGE='gcontable'
PACKAGE_BUGREPORT='https://bugzilla.gnome.org/enter_bug.cgi?product=gcontable'
PACKAGE_NAME='gcontable'
PACKAGE_STRING='gcontable 0.1.0'
PACKAGE_TARNAME='gcontable'
PACKAGE_URL=''
PACKAGE_VERSION='0.1.0'
PATH_SEPARATOR=':'
PKG_CONFIG='/bin/pkg-config'
PKG_CONFIG_LIBDIR=''
PKG_CONFIG_PATH='/app/lib/pkgconfig:/app/share/pkgconfig:/usr/lib/pkgconfig:/usr/share/pkgconfig'
POSUB='po'
RANLIB='ranlib'
SED='/bin/sed'
SET_MAKE=''
SHELL='/bin/sh'
STRIP='strip'
USE_NLS='yes'
VAPIGEN='/usr/bin/vapigen-0.34'
VAPIGEN_MAKEFILE='/usr/share/vala/Makefile.vapigen'
VAPIGEN_VAPIDIR='/usr/share/vala/vapi'
VERSION='0.1.0'
WARN_CFLAGS='-fno-strict-aliasing -Wall -Wextra -Wundef -Wnested-externs -Wwrite-strings -Wpointer-arith -Wmissing-declarations -Wmissing-prototypes -Wstrict-prototypes -Wredundant-decls -Wno-unused-parameter -Wno-missing-field-initializers -Wdeclaration-after-statement -Wformat=2 -Wold-style-definition -Wcast-align -Wformat-nonliteral -Wformat-security -Wsign-compare -Wstrict-aliasing -Wshadow -Winline -Wpacked -Wmissing-format-attribute -Wmissing-noreturn -Winit-self -Wmissing-include-dirs -Wunused-but-set-variable -Warray-bounds -Wimplicit-function-declaration -Wreturn-type -Wswitch-enum -Wswitch-default -Werror -Wno-suggest-attribute=format -Wno-error=unused-parameter -Wno-error=missing-field-initializers'
WARN_LDFLAGS='-Wl,--no-as-needed -Wl,--fatal-warnings'
WARN_SCANNERFLAGS='              --warn-all                                                                           --warn-error         '
XGETTEXT='/bin/xgettext'
XGETTEXT_015='/bin/xgettext'
XGETTEXT_EXTRA_OPTIONS=''
ac_ct_AR='ar'
ac_ct_CC='gcc'
ac_ct_DUMPBIN=''
all-am: $(gsettings_SCHEMAS:.xml=.valid)
am__EXEEXT_FALSE=''
am__EXEEXT_TRUE='#'
am__fastdepCC_FALSE='#'
am__fastdepCC_TRUE=''
am__include='include'
am__isrc=''
am__leading_dot='.'
am__nodep='_no'
am__quote=''
am__tar='tar --format=ustar -chf - "$$tardir"'
am__untar='tar -xf -'
bindir='${exec_prefix}/bin'
build='x86_64-pc-linux-gnu'
build_alias=''
build_cpu='x86_64'
build_os='linux-gnu'
build_vendor='pc'
clean-gsettings-schemas:
datadir='${datarootdir}'
datarootdir='${prefix}/share'
dist-ChangeLog:
docdir='${datarootdir}/doc/${PACKAGE_TARNAME}'
dvidir='${docdir}'
else
endif
endif'
exec_prefix='${prefix}'
gsettings__enum_file = $(addsuffix .enums.xml,$(gsettings_ENUM_NAMESPACE))
gsettingsschemadir='${datarootdir}/glib-2.0/schemas'
host='x86_64-pc-linux-gnu'
host_alias='x86_64-linux-gnu'
host_cpu='x86_64'
host_os='linux-gnu'
host_vendor='pc'
htmldir='${docdir}'
ifdef gsettings_ENUM_NAMESPACE
ifeq ($(CHANGELOG_START),)
includedir='${prefix}/include'
infodir='${datarootdir}/info'
install-data-am: install-gsettings-schemas
install-gsettings-schemas: $(gsettings_SCHEMAS) $(gsettings__enum_file)
install_sh='${SHELL} /home/ramiro/Projects/gnome-builder/gcontable/build-aux/install-sh'
libdir='${exec_prefix}/lib'
libexecdir='${exec_prefix}/libexec'
localedir='${datarootdir}/locale'
localstatedir='${prefix}/var'
mandir='${datarootdir}/man'
mkdir_p='$(MKDIR_P)'
mostlyclean-am: clean-gsettings-schemas
oldincludedir='/usr/include'
pdfdir='${docdir}'
prefix='/app'
program_transform_name='s,x,x,'
psdir='${docdir}'
sbindir='${exec_prefix}/sbin'
sharedstatedir='${prefix}/com'
sysconfdir='${prefix}/etc'
target_alias=''
uninstall-am: uninstall-gsettings-schemas
uninstall-gsettings-schemas:

## ----------- ##
## confdefs.h. ##
## ----------- ##

/* confdefs.h */
#define PACKAGE_NAME "gcontable"
#define PACKAGE_TARNAME "gcontable"
#define PACKAGE_VERSION "0.1.0"
#define PACKAGE_STRING "gcontable 0.1.0"
#define PACKAGE_BUGREPORT "https://bugzilla.gnome.org/enter_bug.cgi?product=gcontable"
#define PACKAGE_URL ""
#define PACKAGE "gcontable"
#define VERSION "0.1.0"
#define NDEBUG /**/
#define GETTEXT_PACKAGE "gcontable"
#define ENABLE_NLS 1
#define HAVE_GETTEXT 1
#define HAVE_DCGETTEXT 1
#define STDC_HEADERS 1
#define HAVE_SYS_TYPES_H 1
#define HAVE_SYS_STAT_H 1
#define HAVE_STDLIB_H 1
#define HAVE_STRING_H 1
#define HAVE_MEMORY_H 1
#define HAVE_STRINGS_H 1
#define HAVE_INTTYPES_H 1
#define HAVE_STDINT_H 1
#define HAVE_UNISTD_H 1
#define HAVE_DLFCN_H 1
#define LT_OBJDIR ".libs/"

configure: exit 0

## ---------------------- ##
## Running config.status. ##
## ---------------------- ##

This file was extended by gcontable config.status 0.1.0, which was
generated by GNU Autoconf 2.69.  Invocation command line was

  CONFIG_FILES    = 
  CONFIG_HEADERS  = 
  CONFIG_LINKS    = 
  CONFIG_COMMANDS = 
  $ ./config.status config.h

on ramiro-desktop

config.status:1237: creating config.h
config.status:1418: config.h is unchanged
